0 info it worked if it ends with ok
1 verbose cli [ 'C:\\Program Files\\nodejs\\\\node.exe',
1 verbose cli   'C:\\Program Files\\nodejs\\node_modules\\npm\\bin\\npm-cli.js',
1 verbose cli   'install' ]
2 info using npm@1.4.23
3 info using node@v0.10.31
4 verbose node symlink C:\Program Files\nodejs\\node.exe
5 warn package.json chat.io@0.0.1 No description
6 warn package.json chat.io@0.0.1 No repository field.
7 warn package.json chat.io@0.0.1 No README data
8 verbose readDependencies using package.json deps
9 verbose install where, deps [ 'H:\\git\\Smashing-Node.Js\\Chat', [ 'express', 'socket' ] ]
10 info preinstall chat.io@0.0.1
11 verbose readDependencies using package.json deps
12 verbose cache add [ 'express@2.5.1', null ]
13 verbose cache add name=undefined spec="express@2.5.1" args=["express@2.5.1",null]
14 verbose parsed url { protocol: null,
14 verbose parsed url   slashes: null,
14 verbose parsed url   auth: null,
14 verbose parsed url   host: null,
14 verbose parsed url   port: null,
14 verbose parsed url   hostname: null,
14 verbose parsed url   hash: null,
14 verbose parsed url   search: null,
14 verbose parsed url   query: null,
14 verbose parsed url   pathname: 'express@2.5.1',
14 verbose parsed url   path: 'express@2.5.1',
14 verbose parsed url   href: 'express@2.5.1' }
15 verbose cache add [ 'socket@0.9.2', null ]
16 verbose cache add name=undefined spec="socket@0.9.2" args=["socket@0.9.2",null]
17 verbose parsed url { protocol: null,
17 verbose parsed url   slashes: null,
17 verbose parsed url   auth: null,
17 verbose parsed url   host: null,
17 verbose parsed url   port: null,
17 verbose parsed url   hostname: null,
17 verbose parsed url   hash: null,
17 verbose parsed url   search: null,
17 verbose parsed url   query: null,
17 verbose parsed url   pathname: 'socket@0.9.2',
17 verbose parsed url   path: 'socket@0.9.2',
17 verbose parsed url   href: 'socket@0.9.2' }
18 verbose cache add name="express" spec="2.5.1" args=["express","2.5.1"]
19 verbose parsed url { protocol: null,
19 verbose parsed url   slashes: null,
19 verbose parsed url   auth: null,
19 verbose parsed url   host: null,
19 verbose parsed url   port: null,
19 verbose parsed url   hostname: null,
19 verbose parsed url   hash: null,
19 verbose parsed url   search: null,
19 verbose parsed url   query: null,
19 verbose parsed url   pathname: '2.5.1',
19 verbose parsed url   path: '2.5.1',
19 verbose parsed url   href: '2.5.1' }
20 verbose addNamed [ 'express', '2.5.1' ]
21 verbose addNamed [ '2.5.1', '2.5.1' ]
22 verbose cache add name="socket" spec="0.9.2" args=["socket","0.9.2"]
23 verbose parsed url { protocol: null,
23 verbose parsed url   slashes: null,
23 verbose parsed url   auth: null,
23 verbose parsed url   host: null,
23 verbose parsed url   port: null,
23 verbose parsed url   hostname: null,
23 verbose parsed url   hash: null,
23 verbose parsed url   search: null,
23 verbose parsed url   query: null,
23 verbose parsed url   pathname: '0.9.2',
23 verbose parsed url   path: '0.9.2',
23 verbose parsed url   href: '0.9.2' }
24 verbose addNamed [ 'socket', '0.9.2' ]
25 verbose addNamed [ '0.9.2', '0.9.2' ]
26 silly lockFile d4354c57-express-2-5-1 express@2.5.1
27 verbose lock express@2.5.1 C:\Users\map\AppData\Roaming\npm-cache\d4354c57-express-2-5-1.lock
28 silly lockFile f3fb2e78-socket-0-9-2 socket@0.9.2
29 verbose lock socket@0.9.2 C:\Users\map\AppData\Roaming\npm-cache\f3fb2e78-socket-0-9-2.lock
30 verbose request where is /socket
31 verbose request registry https://registry.npmjs.org/
32 verbose request id e007a6e35292d20e
33 verbose url raw /socket
34 verbose url resolving [ 'https://registry.npmjs.org/', './socket' ]
35 verbose url resolved https://registry.npmjs.org/socket
36 verbose request where is https://registry.npmjs.org/socket
37 info trying registry request attempt 1 at 15:23:24
38 verbose etag "A1YNCORL02S6XHQ1WIXCRCOC6"
39 http GET https://registry.npmjs.org/socket
40 verbose request where is /express
41 verbose request registry https://registry.npmjs.org/
42 verbose url raw /express
43 verbose url resolving [ 'https://registry.npmjs.org/', './express' ]
44 verbose url resolved https://registry.npmjs.org/express
45 verbose request where is https://registry.npmjs.org/express
46 info trying registry request attempt 1 at 15:23:24
47 verbose etag "BI3XNZ5U4B2CPOML8U7M39FZL"
48 http GET https://registry.npmjs.org/express
49 http 200 https://registry.npmjs.org/socket
50 silly registry.get cb [ 200,
50 silly registry.get   { date: 'Sat, 06 Sep 2014 07:23:25 GMT',
50 silly registry.get     server: 'CouchDB/1.5.0 (Erlang OTP/R16B03)',
50 silly registry.get     etag: '"AA2Y5A3KCS5BZ1ND9QENRU8GY"',
50 silly registry.get     'content-type': 'application/json',
50 silly registry.get     'cache-control': 'max-age=60',
50 silly registry.get     'content-length': '1451',
50 silly registry.get     'accept-ranges': 'bytes',
50 silly registry.get     via: '1.1 varnish',
50 silly registry.get     age: '0',
50 silly registry.get     'x-served-by': 'cache-sjc3134-SJC',
50 silly registry.get     'x-cache': 'MISS',
50 silly registry.get     'x-cache-hits': '0',
50 silly registry.get     'x-timer': 'S1409988205.605298,VS0,VE355',
50 silly registry.get     vary: 'Accept',
50 silly registry.get     'keep-alive': 'timeout=10, max=50',
50 silly registry.get     connection: 'Keep-Alive' } ]
51 silly lockFile f3fb2e78-socket-0-9-2 socket@0.9.2
52 silly lockFile f3fb2e78-socket-0-9-2 socket@0.9.2
53 error Error: version not found: socket@0.9.2
53 error     at C:\Program Files\nodejs\node_modules\npm\lib\cache\add-named.js:125:12
53 error     at saved (C:\Program Files\nodejs\node_modules\npm\node_modules\npm-registry-client\lib\get.js:167:7)
53 error     at Object.oncomplete (fs.js:107:15)
54 error If you need help, you may report this *entire* log,
54 error including the npm and node versions, at:
54 error     <http://github.com/npm/npm/issues>
55 error System Windows_NT 6.2.9200
56 error command "C:\\Program Files\\nodejs\\\\node.exe" "C:\\Program Files\\nodejs\\node_modules\\npm\\bin\\npm-cli.js" "install"
57 error cwd H:\git\Smashing-Node.Js\Chat
58 error node -v v0.10.31
59 error npm -v 1.4.23
60 verbose exit [ 1, true ]
